<?xml version="1.0" encoding="UTF-8"?>
<testng-results skipped="0" failed="0" total="1" passed="1">
  <reporter-output>
  </reporter-output>
  <suite name="Default suite" duration-ms="38" started-at="2020-07-20T06:35:45Z" finished-at="2020-07-20T06:35:45Z">
    <groups>
    </groups>
    <test name="Default test" duration-ms="38" started-at="2020-07-20T06:35:45Z" finished-at="2020-07-20T06:35:45Z">
      <class name="com.employee.testcase.NewTest">
        <test-method status="PASS" signature="f()[pri:0, instance:com.employee.testcase.NewTest@4c70fda8]" name="f" duration-ms="18" started-at="2020-07-20T12:05:45Z" finished-at="2020-07-20T12:05:45Z">
          <reporter-output>
          </reporter-output>
        </test-method> <!-- f -->
      </class> <!-- com.employee.testcase.NewTest -->
    </test> <!-- Default test -->
  </suite> <!-- Default suite -->
</testng-results>
